Build started 7/10/2019 3:41:43 PM.
     1>Project "c:\Users\panachaitechaphaisal\documents\visual studio 2010\Projects\project_ex5\project_ex5\project_ex5.vcxproj" on node 2 (build target(s)).
     1>PrepareForBuild:
         Creating directory "c:\users\panachaitechaphaisal\documents\visual studio 2010\Projects\project_ex5\Debug\".
       InitializeBuildStatus:
         Creating "Debug\project_ex5.unsuccessfulbuild" because "AlwaysCreate" was specified.
       ClCompile:
         c:\Program Files (x86)\Microsoft Visual Studio 10.0\VC\bin\CL.exe /c /ZI /nologo /W3 /WX- /Od /Oy- /D WIN32 /D _DEBUG /D _CONSOLE /D _UNICODE /D UNICODE /Gm /EHsc /RTC1 /MDd /GS /fp:precise /Zc:wchar_t /Zc:forScope /Fo"Debug\\" /Fd"Debug\vc100.pdb" /Gd /TP /analyze- /errorReport:prompt score.cpp
         score.cpp
       ManifestResourceCompile:
         c:\Program Files (x86)\Microsoft SDKs\Windows\v7.0A\bin\rc.exe /nologo /fo"Debug\project_ex5.exe.embed.manifest.res" Debug\project_ex5_manifest.rc 
       Link:
         c:\Program Files (x86)\Microsoft Visual Studio 10.0\VC\bin\link.exe /ERRORREPORT:PROMPT /OUT:"c:\users\panachaitechaphaisal\documents\visual studio 2010\Projects\project_ex5\Debug\project_ex5.exe" /INCREMENTAL /NOLOGO kernel32.lib user32.lib gdi32.lib winspool.lib comdlg32.lib advapi32.lib shell32.lib ole32.lib oleaut32.lib uuid.lib odbc32.lib odbccp32.lib /MANIFEST /ManifestFile:"Debug\project_ex5.exe.intermediate.manifest" /MANIFESTUAC:"level='asInvoker' uiAccess='false'" /DEBUG /PDB:"c:\users\panachaitechaphaisal\documents\visual studio 2010\Projects\project_ex5\Debug\project_ex5.pdb" /SUBSYSTEM:CONSOLE /TLBID:1 /DYNAMICBASE /NXCOMPAT /IMPLIB:"c:\users\panachaitechaphaisal\documents\visual studio 2010\Projects\project_ex5\Debug\project_ex5.lib" /MACHINE:X86 Debug\project_ex5.exe.embed.manifest.res
         Debug\score.obj
       Manifest:
         c:\Program Files (x86)\Microsoft SDKs\Windows\v7.0A\bin\mt.exe /nologo /verbose /out:"Debug\project_ex5.exe.embed.manifest" /manifest Debug\project_ex5.exe.intermediate.manifest
         c:\Program Files (x86)\Microsoft SDKs\Windows\v7.0A\bin\rc.exe /nologo /fo"Debug\project_ex5.exe.embed.manifest.res" Debug\project_ex5_manifest.rc 
       LinkEmbedManifest:
         c:\Program Files (x86)\Microsoft Visual Studio 10.0\VC\bin\link.exe /ERRORREPORT:PROMPT /OUT:"c:\users\panachaitechaphaisal\documents\visual studio 2010\Projects\project_ex5\Debug\project_ex5.exe" /INCREMENTAL /NOLOGO kernel32.lib user32.lib gdi32.lib winspool.lib comdlg32.lib advapi32.lib shell32.lib ole32.lib oleaut32.lib uuid.lib odbc32.lib odbccp32.lib /MANIFEST /ManifestFile:"Debug\project_ex5.exe.intermediate.manifest" /MANIFESTUAC:"level='asInvoker' uiAccess='false'" /DEBUG /PDB:"c:\users\panachaitechaphaisal\documents\visual studio 2010\Projects\project_ex5\Debug\project_ex5.pdb" /SUBSYSTEM:CONSOLE /TLBID:1 /DYNAMICBASE /NXCOMPAT /IMPLIB:"c:\users\panachaitechaphaisal\documents\visual studio 2010\Projects\project_ex5\Debug\project_ex5.lib" /MACHINE:X86 Debug\project_ex5.exe.embed.manifest.res
         Debug\score.obj
         project_ex5.vcxproj -> c:\users\panachaitechaphaisal\documents\visual studio 2010\Projects\project_ex5\Debug\project_ex5.exe
       FinalizeBuildStatus:
         Deleting file "Debug\project_ex5.unsuccessfulbuild".
         Touching "Debug\project_ex5.lastbuildstate".
     1>Done Building Project "c:\Users\panachaitechaphaisal\documents\visual studio 2010\Projects\project_ex5\project_ex5\project_ex5.vcxproj" (build target(s)).

Build succeeded.

Time Elapsed 00:00:05.83
